# JRE version: OpenJDK Runtime Environment (21.0.2+13) (build 21.0.2+13-58)
# Java VM: OpenJDK 64-Bit Server VM (21.0.2+13-58, mixed mode, sharing, tiered, compressed oops, compressed class ptrs, g1 gc, windows-amd64)
GC Precious Log:
 CardTable entry size: 512
 Card Set container configuration: InlinePtr #cards 4 size 8 Array Of Cards #cards 32 size 80 Howl #buckets 8 coarsen threshold 7372 Howl Bitmap #cards 1024 size 144 coarsen threshold 921 Card regions per heap region 1 cards per card region 8192
 CPUs: 16 total, 16 available
 Memory: 32682M
 Large Page Support: Disabled
 NUMA Support: Disabled
 Compressed Oops: Enabled (Zero based)
 Heap Region Size: 4M
 Heap Min Capacity: 8M
 Heap Initial Capacity: 512M
 Heap Max Capacity: 8172M
 Pre-touch: Disabled
 Parallel Workers: 13
 Concurrent Workers: 3
 Concurrent Refinement Workers: 13
 Periodic GC: Disabled
Heap:
 garbage-first heap   total 1167360K, used 75822K [0x0000000601400000, 0x0000000800000000)
  region size 4096K, 18 young (73728K), 13 survivors (53248K)
 Metaspace       used 8186K, committed 8448K, reserved 1114112K
  class space    used 524K, committed 640K, reserved 1048576K
GC Heap History (16 events):
Event: 0.836 GC heap before
{Heap before GC invocations=0 (full 0):
 garbage-first heap   total 524288K, used 28672K [0x0000000601400000, 0x0000000800000000)
  region size 4096K, 6 young (24576K), 0 survivors (0K)
 Metaspace       used 7334K, committed 7488K, reserved 1114112K
  class space    used 458K, committed 512K, reserved 1048576K
}
Event: 0.838 GC heap after
{Heap after GC invocations=1 (full 0):
 garbage-first heap   total 524288K, used 11122K [0x0000000601400000, 0x0000000800000000)
  region size 4096K, 1 young (4096K), 1 survivors (4096K)
 Metaspace       used 7334K, committed 7488K, reserved 1114112K
  class space    used 458K, committed 512K, reserved 1048576K
}
Event: 0.853 GC heap before
{Heap before GC invocations=1 (full 0):
 garbage-first heap   total 524288K, used 43890K [0x0000000601400000, 0x0000000800000000)
  region size 4096K, 9 young (36864K), 1 survivors (4096K)
 Metaspace       used 7344K, committed 7488K, reserved 1114112K
  class space    used 459K, committed 512K, reserved 1048576K
}
Event: 0.855 GC heap after
{Heap after GC invocations=2 (full 0):
 garbage-first heap   total 524288K, used 11388K [0x0000000601400000, 0x0000000800000000)
  region size 4096K, 1 young (4096K), 1 survivors (4096K)
 Metaspace       used 7344K, committed 7488K, reserved 1114112K
  class space    used 459K, committed 512K, reserved 1048576K
}
Event: 0.991 GC heap before
{Heap before GC invocations=2 (full 0):
 garbage-first heap   total 524288K, used 318588K [0x0000000601400000, 0x0000000800000000)
  region size 4096K, 76 young (311296K), 1 survivors (4096K)
 Metaspace       used 7344K, committed 7488K, reserved 1114112K
  class space    used 459K, committed 512K, reserved 1048576K
}
Event: 1.000 GC heap after
{Heap after GC invocations=3 (full 0):
 garbage-first heap   total 524288K, used 15897K [0x0000000601400000, 0x0000000800000000)
  region size 4096K, 2 young (8192K), 2 survivors (8192K)
 Metaspace       used 7344K, committed 7488K, reserved 1114112K
  class space    used 459K, committed 512K, reserved 1048576K
}
Event: 1.056 GC heap before
{Heap before GC invocations=3 (full 0):
 garbage-first heap   total 524288K, used 319001K [0x0000000601400000, 0x0000000800000000)
  region size 4096K, 76 young (311296K), 2 survivors (8192K)
 Metaspace       used 7346K, committed 7488K, reserved 1114112K
  class space    used 459K, committed 512K, reserved 1048576K
}
Event: 1.072 GC heap after
{Heap after GC invocations=4 (full 0):
 garbage-first heap   total 524288K, used 20840K [0x0000000601400000, 0x0000000800000000)
  region size 4096K, 4 young (16384K), 4 survivors (16384K)
 Metaspace       used 7346K, committed 7488K, reserved 1114112K
  class space    used 459K, committed 512K, reserved 1048576K
}
Event: 1.128 GC heap before
{Heap before GC invocations=4 (full 0):
 garbage-first heap   total 524288K, used 315752K [0x0000000601400000, 0x0000000800000000)
  region size 4096K, 76 young (311296K), 4 survivors (16384K)
 Metaspace       used 7346K, committed 7488K, reserved 1114112K
  class space    used 459K, committed 512K, reserved 1048576K
}
Event: 1.150 GC heap after
{Heap after GC invocations=5 (full 0):
 garbage-first heap   total 524288K, used 25555K [0x0000000601400000, 0x0000000800000000)
  region size 4096K, 5 young (20480K), 5 survivors (20480K)
 Metaspace       used 7346K, committed 7488K, reserved 1114112K
  class space    used 459K, committed 512K, reserved 1048576K
}
Event: 1.204 GC heap before
{Heap before GC invocations=5 (full 0):
 garbage-first heap   total 524288K, used 316371K [0x0000000601400000, 0x0000000800000000)
  region size 4096K, 76 young (311296K), 5 survivors (20480K)
 Metaspace       used 7728K, committed 7936K, reserved 1114112K
  class space    used 490K, committed 576K, reserved 1048576K
}
Event: 1.233 GC heap after
{Heap after GC invocations=6 (full 0):
 garbage-first heap   total 1167360K, used 31275K [0x0000000601400000, 0x0000000800000000)
  region size 4096K, 6 young (24576K), 6 survivors (24576K)
 Metaspace       used 7728K, committed 7936K, reserved 1114112K
  class space    used 490K, committed 576K, reserved 1048576K
}
Event: 1.483 GC heap before
{Heap before GC invocations=6 (full 0):
 garbage-first heap   total 1167360K, used 612907K [0x0000000601400000, 0x0000000800000000)
  region size 4096K, 148 young (606208K), 6 survivors (24576K)
 Metaspace       used 7728K, committed 7936K, reserved 1114112K
  class space    used 490K, committed 576K, reserved 1048576K
}
Event: 1.528 GC heap after
{Heap after GC invocations=7 (full 0):
 garbage-first heap   total 1167360K, used 41541K [0x0000000601400000, 0x0000000800000000)
  region size 4096K, 9 young (36864K), 9 survivors (36864K)
 Metaspace       used 7728K, committed 7936K, reserved 1114112K
  class space    used 490K, committed 576K, reserved 1048576K
}
Event: 1.698 GC heap before
{Heap before GC invocations=7 (full 0):
 garbage-first heap   total 1167360K, used 705093K [0x0000000601400000, 0x0000000800000000)
  region size 4096K, 171 young (700416K), 9 survivors (36864K)
 Metaspace       used 7790K, committed 7936K, reserved 1114112K
  class space    used 495K, committed 576K, reserved 1048576K
}
Event: 1.713 GC heap after
{Heap after GC invocations=8 (full 0):
 garbage-first heap   total 1167360K, used 59438K [0x0000000601400000, 0x0000000800000000)
  region size 4096K, 13 young (53248K), 13 survivors (53248K)
 Metaspace       used 7790K, committed 7936K, reserved 1114112K
  class space    used 495K, committed 576K, reserved 1048576K
}

