# JRE version: OpenJDK Runtime Environment (21.0.2+13) (build 21.0.2+13-58)
# Java VM: OpenJDK 64-Bit Server VM (21.0.2+13-58, mixed mode, sharing, tiered, compressed oops, compressed class ptrs, g1 gc, windows-amd64)
GC Precious Log:
 CardTable entry size: 512
 Card Set container configuration: InlinePtr #cards 4 size 8 Array Of Cards #cards 32 size 80 Howl #buckets 8 coarsen threshold 7372 Howl Bitmap #cards 1024 size 144 coarsen threshold 921 Card regions per heap region 1 cards per card region 8192
 CPUs: 16 total, 16 available
 Memory: 32682M
 Large Page Support: Disabled
 NUMA Support: Disabled
 Compressed Oops: Enabled (Zero based)
 Heap Region Size: 4M
 Heap Min Capacity: 8M
 Heap Initial Capacity: 512M
 Heap Max Capacity: 8172M
 Pre-touch: Disabled
 Parallel Workers: 13
 Concurrent Workers: 3
 Concurrent Refinement Workers: 13
 Periodic GC: Disabled
Heap:
 garbage-first heap   total 1159168K, used 636632K [0x0000000601400000, 0x0000000800000000)
  region size 4096K, 155 young (634880K), 9 survivors (36864K)
 Metaspace       used 8298K, committed 8512K, reserved 1114112K
  class space    used 524K, committed 640K, reserved 1048576K
GC Heap History (14 events):
Event: 0.830 GC heap before
{Heap before GC invocations=0 (full 0):
 garbage-first heap   total 524288K, used 32768K [0x0000000601400000, 0x0000000800000000)
  region size 4096K, 6 young (24576K), 0 survivors (0K)
 Metaspace       used 7339K, committed 7488K, reserved 1114112K
  class space    used 458K, committed 512K, reserved 1048576K
}
Event: 0.832 GC heap after
{Heap after GC invocations=1 (full 0):
 garbage-first heap   total 524288K, used 11139K [0x0000000601400000, 0x0000000800000000)
  region size 4096K, 1 young (4096K), 1 survivors (4096K)
 Metaspace       used 7339K, committed 7488K, reserved 1114112K
  class space    used 458K, committed 512K, reserved 1048576K
}
Event: 0.847 GC heap before
{Heap before GC invocations=1 (full 0):
 garbage-first heap   total 524288K, used 43907K [0x0000000601400000, 0x0000000800000000)
  region size 4096K, 9 young (36864K), 1 survivors (4096K)
 Metaspace       used 7350K, committed 7488K, reserved 1114112K
  class space    used 459K, committed 512K, reserved 1048576K
}
Event: 0.849 GC heap after
{Heap after GC invocations=2 (full 0):
 garbage-first heap   total 524288K, used 11349K [0x0000000601400000, 0x0000000800000000)
  region size 4096K, 1 young (4096K), 1 survivors (4096K)
 Metaspace       used 7350K, committed 7488K, reserved 1114112K
  class space    used 459K, committed 512K, reserved 1048576K
}
Event: 1.001 GC heap before
{Heap before GC invocations=2 (full 0):
 garbage-first heap   total 524288K, used 318549K [0x0000000601400000, 0x0000000800000000)
  region size 4096K, 76 young (311296K), 1 survivors (4096K)
 Metaspace       used 7350K, committed 7488K, reserved 1114112K
  class space    used 459K, committed 512K, reserved 1048576K
}
Event: 1.010 GC heap after
{Heap after GC invocations=3 (full 0):
 garbage-first heap   total 524288K, used 15633K [0x0000000601400000, 0x0000000800000000)
  region size 4096K, 2 young (8192K), 2 survivors (8192K)
 Metaspace       used 7350K, committed 7488K, reserved 1114112K
  class space    used 459K, committed 512K, reserved 1048576K
}
Event: 1.069 GC heap before
{Heap before GC invocations=3 (full 0):
 garbage-first heap   total 524288K, used 318737K [0x0000000601400000, 0x0000000800000000)
  region size 4096K, 76 young (311296K), 2 survivors (8192K)
 Metaspace       used 7352K, committed 7488K, reserved 1114112K
  class space    used 459K, committed 512K, reserved 1048576K
}
Event: 1.086 GC heap after
{Heap after GC invocations=4 (full 0):
 garbage-first heap   total 524288K, used 21203K [0x0000000601400000, 0x0000000800000000)
  region size 4096K, 4 young (16384K), 4 survivors (16384K)
 Metaspace       used 7352K, committed 7488K, reserved 1114112K
  class space    used 459K, committed 512K, reserved 1048576K
}
Event: 1.142 GC heap before
{Heap before GC invocations=4 (full 0):
 garbage-first heap   total 524288K, used 316115K [0x0000000601400000, 0x0000000800000000)
  region size 4096K, 76 young (311296K), 4 survivors (16384K)
 Metaspace       used 7733K, committed 7936K, reserved 1114112K
  class space    used 490K, committed 576K, reserved 1048576K
}
Event: 1.164 GC heap after
{Heap after GC invocations=5 (full 0):
 garbage-first heap   total 524288K, used 26860K [0x0000000601400000, 0x0000000800000000)
  region size 4096K, 5 young (20480K), 5 survivors (20480K)
 Metaspace       used 7733K, committed 7936K, reserved 1114112K
  class space    used 490K, committed 576K, reserved 1048576K
}
Event: 1.220 GC heap before
{Heap before GC invocations=5 (full 0):
 garbage-first heap   total 524288K, used 317676K [0x0000000601400000, 0x0000000800000000)
  region size 4096K, 76 young (311296K), 5 survivors (20480K)
 Metaspace       used 7733K, committed 7936K, reserved 1114112K
  class space    used 490K, committed 576K, reserved 1048576K
}
Event: 1.249 GC heap after
{Heap after GC invocations=6 (full 0):
 garbage-first heap   total 1159168K, used 29897K [0x0000000601400000, 0x0000000800000000)
  region size 4096K, 6 young (24576K), 6 survivors (24576K)
 Metaspace       used 7733K, committed 7936K, reserved 1114112K
  class space    used 490K, committed 576K, reserved 1048576K
}
Event: 1.523 GC heap before
{Heap before GC invocations=6 (full 0):
 garbage-first heap   total 1159168K, used 697545K [0x0000000601400000, 0x0000000800000000)
  region size 4096K, 169 young (692224K), 6 survivors (24576K)
 Metaspace       used 7733K, committed 7936K, reserved 1114112K
  class space    used 490K, committed 576K, reserved 1048576K
}
Event: 1.571 GC heap after
{Heap after GC invocations=7 (full 0):
 garbage-first heap   total 1159168K, used 42712K [0x0000000601400000, 0x0000000800000000)
  region size 4096K, 9 young (36864K), 9 survivors (36864K)
 Metaspace       used 7733K, committed 7936K, reserved 1114112K
  class space    used 490K, committed 576K, reserved 1048576K
}

